<?xml version="1.0" encoding="UTF-8"?>
<!-- Generated by org.testng.reporters.JUnitXMLReporter -->
<testsuite ignored="0" hostname="IM-LP-866" failures="1" tests="1" name="ChromeTest" time="35.649" errors="0" timestamp="2022-07-25T15:54:23 IST">
  <testcase classname="com.konakartregistration.testcases.Paymentcheckout" name="@BeforeMethod setup" time="0.438">
    <failure type="java.lang.NullPointerException" message="Cannot invoke &amp;quot;org.openqa.selenium.WebDriver.manage()&amp;quot; because the return value of &amp;quot;com.samplapp.base.Baseclass.getDriver()&amp;quot; is null">
      <![CDATA[java.lang.NullPointerException: Cannot invoke "org.openqa.selenium.WebDriver.manage()" because the return value of "com.samplapp.base.Baseclass.getDriver()" is null
at com.samplapp.base.Baseclass.launchApp(Baseclass.java:71)
at com.konakartregistration.testcases.Paymentcheckout.setup(Paymentcheckout.java:43)
at java.base/java.util.ArrayList.forEach(ArrayList.java:1511)
at java.base/java.util.concurrent.FutureTask.run(FutureTask.java:264)
at java.base/java.util.concurrent.ThreadPoolExecutor.runWorker(ThreadPoolExecutor.java:1136)
at java.base/java.util.concurrent.ThreadPoolExecutor$Worker.run(ThreadPoolExecutor.java:635)
at java.base/java.lang.Thread.run(Thread.java:833)
... Removed 22 stack frames]]>
    </failure>
  </testcase> <!-- @BeforeMethod setup -->
  <testcase classname="com.konakartregistration.testcases.Paymentcheckout" name="@AfterMethod tearDown" time="-1.65874462809E9">
    <skipped/>
  </testcase> <!-- @AfterMethod tearDown -->
  <testcase classname="com.konakartregistration.testcases.Paymentcheckout" name="ProductSelection" time="17.088">
    <failure type="java.lang.AssertionError" message="expected:&amp;lt;http://10.0.1.232:8780/konakart/LogIn.action&amp;gt; but was:&amp;lt;http://10.0.1.197:8780/konakart/LogIn.action&amp;gt;">
      <![CDATA[java.lang.AssertionError: expected:<http://10.0.1.232:8780/konakart/LogIn.action> but was:<http://10.0.1.197:8780/konakart/LogIn.action>
at com.konakartregistration.testcases.Paymentcheckout.ProductSelection(Paymentcheckout.java:91)
at java.base/java.util.ArrayList.forEach(ArrayList.java:1511)
at java.base/java.util.concurrent.FutureTask.run(FutureTask.java:264)
at java.base/java.util.concurrent.ThreadPoolExecutor.runWorker(ThreadPoolExecutor.java:1136)
at java.base/java.util.concurrent.ThreadPoolExecutor$Worker.run(ThreadPoolExecutor.java:635)
at java.base/java.lang.Thread.run(Thread.java:833)
... Removed 20 stack frames]]>
    </failure>
  </testcase> <!-- ProductSelection -->
</testsuite> <!-- ChromeTest -->
